<?xml version="1.0" encoding="UTF-8"?>
<!-- Generated by org.testng.reporters.JUnitXMLReporter -->
<testsuite hostname="P11-AS-6745VF2" name="ChromeBrowserTest" tests="4" failures="1" timestamp="2 Apr 2019 04:44:30 GMT" time="88.922" errors="0">
  <testcase name="loginTest" time="6.711" classname="com.orangehrm.tests.LoginPageTest"/>
  <testcase name="verifyMouseHoverEmployeeDistributionGraph" time="10.631" classname="com.orangehrm.tests.HomePageTest"/>
  <testcase name="verifyAddEmployeeTest" time="13.124" classname="com.orangehrm.tests.EmployeeListPageTest"/>
  <testcase name="verifyGenInfoFieldsTest" time="9.59" classname="com.orangehrm.tests.GenInfoPageTest">
    <failure type="java.lang.AssertionError" message="Number of Employees field is editable expected [false] but found [true]">
      <![CDATA[java.lang.AssertionError: Number of Employees field is editable expected [false] but found [true]
	at com.orangehrm.pageobjects.GeneralInformationPage.verifyGenInfoFieldsEditable(GeneralInformationPage.java:110)
	at com.orangehrm.tests.GenInfoPageTest.verifyGenInfoFieldsTest(GenInfoPageTest.java:31)
... Removed 28 stack frames]]>
    </failure>
  </testcase> <!-- verifyGenInfoFieldsTest -->
</testsuite> <!-- ChromeBrowserTest -->
